<?xml version="1.0" encoding="UTF-8"?>
<!-- Generated by org.testng.reporters.JUnitReportReporter -->
<testsuite skipped="0" hostname="sasha-UX303UB" name="test.java.com.testautomationguru.container.test.OrderTest" tests="12" failures="0" timestamp="15 Jan 2019 18:47:18 GMT" time="44.352" errors="0">
  <testcase name="googleTest" time="3.733" classname="test.java.com.testautomationguru.container.test.OrderTest"/>
  <testcase name="googleTest" time="6.920" classname="test.java.com.testautomationguru.container.test.OrderTest"/>
  <testcase name="googleTest" time="3.000" classname="test.java.com.testautomationguru.container.test.OrderTest"/>
  <testcase name="googleTest" time="3.091" classname="test.java.com.testautomationguru.container.test.OrderTest"/>
  <testcase name="googleTest" time="2.852" classname="test.java.com.testautomationguru.container.test.OrderTest"/>
  <testcase name="googleTest" time="4.117" classname="test.java.com.testautomationguru.container.test.OrderTest"/>
  <testcase name="googleTest" time="4.042" classname="test.java.com.testautomationguru.container.test.OrderTest"/>
  <testcase name="googleTest" time="2.717" classname="test.java.com.testautomationguru.container.test.OrderTest"/>
  <testcase name="googleTest" time="3.818" classname="test.java.com.testautomationguru.container.test.OrderTest"/>
  <testcase name="googleTest" time="3.348" classname="test.java.com.testautomationguru.container.test.OrderTest"/>
  <testcase name="googleTest" time="3.409" classname="test.java.com.testautomationguru.container.test.OrderTest"/>
  <testcase name="googleTest" time="3.305" classname="test.java.com.testautomationguru.container.test.OrderTest"/>
</testsuite> <!-- test.java.com.testautomationguru.container.test.OrderTest -->
