<?xml version="1.0" encoding="UTF-8"?>
<!-- Generated by org.testng.reporters.JUnitReportReporter -->
<testsuite skipped="10" hostname="sasha-UX303UB" name="test.java.com.testautomationguru.container.test.SearchTest" tests="11" failures="0" timestamp="15 Jan 2019 18:27:26 GMT" time="0.016" errors="1">
  <testcase name="googleTest" time="0.000" classname="test.java.com.testautomationguru.container.test.SearchTest">
    <skipped/>
  </testcase> <!-- googleTest -->
  <testcase name="googleTest" time="0.000" classname="test.java.com.testautomationguru.container.test.SearchTest">
    <skipped/>
  </testcase> <!-- googleTest -->
  <testcase name="setUp" time="0.015" classname="test.java.com.testautomationguru.container.test.SearchTest">
    <error type="java.lang.NullPointerException">
      <![CDATA[java.lang.NullPointerException
	at test.java.com.testautomationguru.container.test.BaseTest.setUp(BaseTest.java:22)
	at test.java.com.testautomationguru.container.test.SearchTest.setUp(SearchTest.java:18)
	at sun.reflect.NativeMethodAccessorImpl.invoke0(Native Method)
	at sun.reflect.NativeMethodAccessorImpl.invoke(NativeMethodAccessorImpl.java:62)
	at sun.reflect.DelegatingMethodAccessorImpl.invoke(DelegatingMethodAccessorImpl.java:43)
	at java.lang.reflect.Method.invoke(Method.java:498)
	at org.testng.internal.MethodInvocationHelper.invokeMethod(MethodInvocationHelper.java:108)
	at org.testng.internal.Invoker.invokeConfigurationMethod(Invoker.java:523)
	at org.testng.internal.Invoker.invokeConfigurations(Invoker.java:224)
	at org.testng.internal.Invoker.invokeConfigurations(Invoker.java:146)
	at org.testng.TestRunner.beforeRun(TestRunner.java:626)
	at org.testng.TestRunner.run(TestRunner.java:594)
	at org.testng.SuiteRunner.runTest(SuiteRunner.java:380)
	at org.testng.SuiteRunner.runSequentially(SuiteRunner.java:375)
	at org.testng.SuiteRunner.privateRun(SuiteRunner.java:340)
	at org.testng.SuiteRunner.run(SuiteRunner.java:289)
	at org.testng.SuiteRunnerWorker.runSuite(SuiteRunnerWorker.java:52)
	at org.testng.SuiteRunnerWorker.run(SuiteRunnerWorker.java:86)
	at org.testng.TestNG.runSuitesSequentially(TestNG.java:1301)
	at org.testng.TestNG.runSuitesLocally(TestNG.java:1226)
	at org.testng.TestNG.runSuites(TestNG.java:1144)
	at org.testng.TestNG.run(TestNG.java:1115)
	at org.testng.remote.AbstractRemoteTestNG.run(AbstractRemoteTestNG.java:114)
	at org.testng.remote.RemoteTestNG.initAndRun(RemoteTestNG.java:251)
	at org.testng.remote.RemoteTestNG.main(RemoteTestNG.java:77)
]]>
    </error>
  </testcase> <!-- setUp -->
  <testcase name="googleTest" time="0.000" classname="test.java.com.testautomationguru.container.test.SearchTest">
    <skipped/>
  </testcase> <!-- googleTest -->
  <testcase name="googleTest" time="0.000" classname="test.java.com.testautomationguru.container.test.SearchTest">
    <skipped/>
  </testcase> <!-- googleTest -->
  <testcase name="googleTest" time="0.000" classname="test.java.com.testautomationguru.container.test.SearchTest">
    <skipped/>
  </testcase> <!-- googleTest -->
  <testcase name="googleTest" time="0.001" classname="test.java.com.testautomationguru.container.test.SearchTest">
    <skipped/>
  </testcase> <!-- googleTest -->
  <testcase name="googleTest" time="0.000" classname="test.java.com.testautomationguru.container.test.SearchTest">
    <skipped/>
  </testcase> <!-- googleTest -->
  <testcase name="googleTest" time="0.000" classname="test.java.com.testautomationguru.container.test.SearchTest">
    <skipped/>
  </testcase> <!-- googleTest -->
  <testcase name="googleTest" time="0.000" classname="test.java.com.testautomationguru.container.test.SearchTest">
    <skipped/>
  </testcase> <!-- googleTest -->
  <testcase name="googleTest" time="0.000" classname="test.java.com.testautomationguru.container.test.SearchTest">
    <skipped/>
  </testcase> <!-- googleTest -->
</testsuite> <!-- test.java.com.testautomationguru.container.test.SearchTest -->
