<?xml version="1.0" encoding="UTF-8"?>
<!-- Generated by org.testng.reporters.JUnitReportReporter -->
<testsuite skipped="0" hostname="sasha-UX303UB" name="test.java.com.testautomationguru.container.test.OrderTest" tests="6" failures="0" timestamp="15 Jan 2019 19:19:45 GMT" time="25.034" errors="0">
  <testcase name="googleTest" time="7.706" classname="test.java.com.testautomationguru.container.test.OrderTest"/>
  <testcase name="googleTest" time="3.039" classname="test.java.com.testautomationguru.container.test.OrderTest"/>
  <testcase name="googleTest" time="4.319" classname="test.java.com.testautomationguru.container.test.OrderTest"/>
  <testcase name="googleTest" time="3.108" classname="test.java.com.testautomationguru.container.test.OrderTest"/>
  <testcase name="googleTest" time="3.478" classname="test.java.com.testautomationguru.container.test.OrderTest"/>
  <testcase name="googleTest" time="3.384" classname="test.java.com.testautomationguru.container.test.OrderTest"/>
</testsuite> <!-- test.java.com.testautomationguru.container.test.OrderTest -->
