<?xml version="1.0" encoding="UTF-8"?>
<!-- Generated by org.testng.reporters.JUnitReportReporter -->
<testsuite skipped="10" hostname="HW0770" name="test.java.com.testautomationguru.container.test.SearchTest" tests="10" failures="0" timestamp="09 Jan 2019 13:47:07 GMT" time="0.000" errors="0">
  <testcase name="googleTest" time="0.000" classname="test.java.com.testautomationguru.container.test.SearchTest">
    <skipped/>
  </testcase> <!-- googleTest -->
  <testcase name="googleTest" time="0.000" classname="test.java.com.testautomationguru.container.test.SearchTest">
    <skipped/>
  </testcase> <!-- googleTest -->
  <testcase name="googleTest" time="0.000" classname="test.java.com.testautomationguru.container.test.SearchTest">
    <skipped/>
  </testcase> <!-- googleTest -->
  <testcase name="googleTest" time="0.000" classname="test.java.com.testautomationguru.container.test.SearchTest">
    <skipped/>
  </testcase> <!-- googleTest -->
  <testcase name="googleTest" time="0.000" classname="test.java.com.testautomationguru.container.test.SearchTest">
    <skipped/>
  </testcase> <!-- googleTest -->
  <testcase name="googleTest" time="0.000" classname="test.java.com.testautomationguru.container.test.SearchTest">
    <skipped/>
  </testcase> <!-- googleTest -->
  <testcase name="googleTest" time="0.000" classname="test.java.com.testautomationguru.container.test.SearchTest">
    <skipped/>
  </testcase> <!-- googleTest -->
  <testcase name="googleTest" time="0.000" classname="test.java.com.testautomationguru.container.test.SearchTest">
    <skipped/>
  </testcase> <!-- googleTest -->
  <testcase name="googleTest" time="0.000" classname="test.java.com.testautomationguru.container.test.SearchTest">
    <skipped/>
  </testcase> <!-- googleTest -->
  <testcase name="googleTest" time="0.000" classname="test.java.com.testautomationguru.container.test.SearchTest">
    <skipped/>
  </testcase> <!-- googleTest -->
</testsuite> <!-- test.java.com.testautomationguru.container.test.SearchTest -->
